<?xml version="1.0" encoding="UTF-8"?>
<!-- Generated by org.testng.reporters.JUnitReportReporter -->
<testsuite skipped="0" hostname="Rajesh-PC" name="com.ActitimeTrial.TestrCases.TC_LoginTestCase_001" tests="1" failures="0" timestamp="03 Mar 2019 06:58:48 GMT" time="36.553" errors="0">
  <testcase name="login" time="36.553" classname="com.ActitimeTrial.TestrCases.TC_LoginTestCase_001"/>
</testsuite> <!-- com.ActitimeTrial.TestrCases.TC_LoginTestCase_001 -->
