<?xml version="1.0" encoding="UTF-8"?>
<!-- Generated by org.testng.reporters.JUnitReportReporter -->
<testsuite skipped="0" hostname="Rajesh-PC" name="com.ActitimeTrial.TestrCases.TC_CreateCustomer_002" tests="1" failures="0" timestamp="03 Mar 2019 08:15:56 GMT" time="45.331" errors="0">
  <testcase name="createCustomer" time="45.331" classname="com.ActitimeTrial.TestrCases.TC_CreateCustomer_002"/>
</testsuite> <!-- com.ActitimeTrial.TestrCases.TC_CreateCustomer_002 -->
